c:\users\seo28\documents\github\teamproject20170613\wndgamebase_스프라이트출력\debug\wndgamebase.pch
c:\users\seo28\documents\github\teamproject20170613\wndgamebase_스프라이트출력\debug\vc141.pdb
c:\users\seo28\documents\github\teamproject20170613\wndgamebase_스프라이트출력\debug\vc141.idb
c:\users\seo28\documents\github\teamproject20170613\wndgamebase_스프라이트출력\debug\stdafx.obj
c:\users\seo28\documents\github\teamproject20170613\wndgamebase_스프라이트출력\debug\baserender.obj
c:\users\seo28\documents\github\teamproject20170613\wndgamebase_스프라이트출력\debug\basewindow.obj
c:\users\seo28\documents\github\teamproject20170613\wndgamebase_스프라이트출력\debug\buttonbase.obj
c:\users\seo28\documents\github\teamproject20170613\wndgamebase_스프라이트출력\debug\frameskip.obj
c:\users\seo28\documents\github\teamproject20170613\wndgamebase_스프라이트출력\debug\gdi.obj
c:\users\seo28\documents\github\teamproject20170613\wndgamebase_스프라이트출력\debug\hair.obj
c:\users\seo28\documents\github\teamproject20170613\wndgamebase_스프라이트출력\debug\imageinfo.obj
c:\users\seo28\documents\github\teamproject20170613\wndgamebase_스프라이트출력\debug\imagemanager.obj
c:\users\seo28\documents\github\teamproject20170613\wndgamebase_스프라이트출력\debug\inputmanager.obj
c:\users\seo28\documents\github\teamproject20170613\wndgamebase_스프라이트출력\debug\mainproc.obj
c:\users\seo28\documents\github\teamproject20170613\wndgamebase_스프라이트출력\debug\system.obj
c:\users\seo28\documents\github\teamproject20170613\wndgamebase_스프라이트출력\debug\timemanager.obj
c:\users\seo28\documents\github\teamproject20170613\wndgamebase_스프라이트출력\debug\vector2d.obj
c:\users\seo28\documents\github\teamproject20170613\wndgamebase_스프라이트출력\debug\wndgamebase.obj
c:\users\seo28\documents\github\teamproject20170613\wndgamebase_스프라이트출력\debug\eye.obj
c:\users\seo28\documents\github\teamproject20170613\wndgamebase_스프라이트출력\debug\wndgamebase.ilk
c:\users\seo28\documents\github\teamproject20170613\wndgamebase_스프라이트출력\debug\wndgamebase.exe
c:\users\seo28\documents\github\teamproject20170613\wndgamebase_스프라이트출력\debug\wndgamebase.pdb
c:\users\seo28\documents\github\teamproject20170613\wndgamebase_스프라이트출력\debug\wndgamebase.res
c:\users\seo28\documents\github\teamproject20170613\wndgamebase_스프라이트출력\debug\wndgamebase.tlog\cl.command.1.tlog
c:\users\seo28\documents\github\teamproject20170613\wndgamebase_스프라이트출력\debug\wndgamebase.tlog\cl.read.1.tlog
c:\users\seo28\documents\github\teamproject20170613\wndgamebase_스프라이트출력\debug\wndgamebase.tlog\cl.write.1.tlog
c:\users\seo28\documents\github\teamproject20170613\wndgamebase_스프라이트출력\debug\wndgamebase.tlog\link.command.1.tlog
c:\users\seo28\documents\github\teamproject20170613\wndgamebase_스프라이트출력\debug\wndgamebase.tlog\link.read.1.tlog
c:\users\seo28\documents\github\teamproject20170613\wndgamebase_스프라이트출력\debug\wndgamebase.tlog\link.write.1.tlog
c:\users\seo28\documents\github\teamproject20170613\wndgamebase_스프라이트출력\debug\wndgamebase.tlog\rc.command.1.tlog
c:\users\seo28\documents\github\teamproject20170613\wndgamebase_스프라이트출력\debug\wndgamebase.tlog\rc.read.1.tlog
c:\users\seo28\documents\github\teamproject20170613\wndgamebase_스프라이트출력\debug\wndgamebase.tlog\rc.write.1.tlog
